빌드 시작: 2016-02-29 오후 7:37:47
     1>2 노드의 "D:\Projects\VisualStudio\mass_spring\mass_spring\mass_spring.vcxproj" 프로젝트(Build 대상)입니다.
     1>ClCompile:
         D:\Programs\Microsoft Visual Studio 12.0\VC\bin\CL.exe /c /ZI /nologo /W3 /WX- /sdl /Od /Oy- /D _MBCS /Gm /EHsc /RTC1 /MDd /GS /fp:precise /Zc:wchar_t /Zc:forScope /Fo"Debug\\" /Fd"Debug\vc120.pdb" /Gd /TP /analyze- /errorReport:prompt main.cpp
         main.cpp
     1>d:\projects\visualstudio\mass_spring\mass_spring\dynamics.h(53): warning C4244: '인수' : 'double'에서 'float'(으)로 변환하면서 데이터가 손실될 수 있습니다.
     1>d:\projects\visualstudio\mass_spring\mass_spring\dynamics.h(166): warning C4305: '=' : 'double'에서 'float'(으)로 잘립니다.
     1>d:\projects\visualstudio\mass_spring\mass_spring\main.cpp(43): warning C4244: '초기화 중' : 'double'에서 'const float'(으)로 변환하면서 데이터가 손실될 수 있습니다.
     1>d:\projects\visualstudio\mass_spring\mass_spring\main.cpp(44): warning C4244: '초기화 중' : 'double'에서 'const float'(으)로 변환하면서 데이터가 손실될 수 있습니다.
     1>d:\projects\visualstudio\mass_spring\mass_spring\main.cpp(55): warning C4018: '<' : signed 또는 unsigned가 일치하지 않습니다.
     1>d:\projects\visualstudio\mass_spring\mass_spring\main.cpp(56): warning C4244: '초기화 중' : 'double'에서 'const float'(으)로 변환하면서 데이터가 손실될 수 있습니다.
     1>d:\projects\visualstudio\mass_spring\mass_spring\main.cpp(57): warning C4244: '초기화 중' : 'double'에서 'const float'(으)로 변환하면서 데이터가 손실될 수 있습니다.
     1>d:\projects\visualstudio\mass_spring\mass_spring\main.cpp(58): warning C4244: '초기화 중' : 'double'에서 'const float'(으)로 변환하면서 데이터가 손실될 수 있습니다.
     1>d:\projects\visualstudio\mass_spring\mass_spring\main.cpp(74): warning C4018: '<' : signed 또는 unsigned가 일치하지 않습니다.
     1>d:\projects\visualstudio\mass_spring\mass_spring\main.cpp(203): warning C4305: '초기화 중' : 'double'에서 'float'(으)로 잘립니다.
     1>d:\projects\visualstudio\mass_spring\mass_spring\main.cpp(248): warning C4244: '+=' : 'double'에서 'float'(으)로 변환하면서 데이터가 손실될 수 있습니다.
     1>d:\projects\visualstudio\mass_spring\mass_spring\main.cpp(249): warning C4244: '+=' : 'double'에서 'float'(으)로 변환하면서 데이터가 손실될 수 있습니다.
     1>d:\projects\visualstudio\mass_spring\mass_spring\main.cpp(275): warning C4305: '인수' : 'double'에서 'float'(으)로 잘립니다.
     1>d:\projects\visualstudio\mass_spring\mass_spring\main.cpp(280): warning C4305: '인수' : 'double'에서 'float'(으)로 잘립니다.
     1>d:\projects\visualstudio\mass_spring\mass_spring\main.cpp(284): warning C4305: '인수' : 'double'에서 'float'(으)로 잘립니다.
     1>d:\projects\visualstudio\mass_spring\mass_spring\main.cpp(285): warning C4305: '인수' : 'double'에서 'float'(으)로 잘립니다.
     1>d:\projects\visualstudio\mass_spring\mass_spring\main.cpp(291): warning C4244: '-=' : 'double'에서 'float'(으)로 변환하면서 데이터가 손실될 수 있습니다.
     1>d:\projects\visualstudio\mass_spring\mass_spring\main.cpp(301): warning C4244: '인수' : 'double'에서 'int'(으)로 변환하면서 데이터가 손실될 수 있습니다.
     1>d:\projects\visualstudio\mass_spring\mass_spring\main.cpp(321): warning C4305: '인수' : 'double'에서 'float'(으)로 잘립니다.
     1>d:\projects\visualstudio\mass_spring\mass_spring\main.cpp(322): warning C4305: '인수' : 'double'에서 'float'(으)로 잘립니다.
       Link:
         D:\Programs\Microsoft Visual Studio 12.0\VC\bin\link.exe /ERRORREPORT:PROMPT /OUT:"D:\Projects\VisualStudio\mass_spring\Debug\mass_spring.exe" /INCREMENTAL /NOLOGO glu32.lib opengl32.lib glfw3.lib glfw3dll.lib kernel32.lib user32.lib gdi32.lib winspool.lib comdlg32.lib advapi32.lib shell32.lib ole32.lib oleaut32.lib uuid.lib odbc32.lib odbccp32.lib kernel32.lib user32.lib gdi32.lib winspool.lib comdlg32.lib advapi32.lib shell32.lib ole32.lib oleaut32.lib uuid.lib odbc32.lib odbccp32.lib /MANIFEST /MANIFESTUAC:"level='asInvoker' uiAccess='false'" /manifest:embed /DEBUG /PDB:"D:\Projects\VisualStudio\mass_spring\Debug\mass_spring.pdb" /SUBSYSTEM:CONSOLE /TLBID:1 /DYNAMICBASE /NXCOMPAT /IMPLIB:"D:\Projects\VisualStudio\mass_spring\Debug\mass_spring.lib" /MACHINE:X86 Debug\main.obj
         mass_spring.vcxproj -> D:\Projects\VisualStudio\mass_spring\Debug\mass_spring.exe
     1>"D:\Projects\VisualStudio\mass_spring\mass_spring\mass_spring.vcxproj" 프로젝트를 빌드했습니다(Build 대상).

빌드했습니다.

경과 시간: 00:00:18.65
